build/app/intermediates/manifest_merge_blame_file/debug/processDebugMainManifest/manifest-merger-blame-debug-report.txt
1<?xml version="1.0" encoding="utf-8"?>
2<!--
3 Copyright 2014 The Flutter Authors. All rights reserved.
4Use of this source code is governed by a BSD-style license that can be
5found in the LICENSE file.
6-->
7<manifest xmlns:android="http://schemas.android.com/apk/res/android"
8    package="io.flutter.examples.hello_world"
9    android:versionCode="1"
10    android:versionName="1.0" >
11
12    <uses-sdk
13        android:minSdkVersion="21"
14        android:targetSdkVersion="35" />
15
16    <!--
17         The INTERNET permission is required for development. Specifically,
18         flutter needs it to communicate with the running application
19         to allow setting breakpoints, to provide hot reload, etc.
20    -->
21    <uses-permission android:name="android.permission.INTERNET" />
21-->src\main\AndroidManifest.xml:11:5-66
21-->src\main\AndroidManifest.xml:11:22-64
22    <!--
23         Required to query activities that can process text, see:
24         https://developer.android.com/training/package-visibility and
25         https://developer.android.com/reference/android/content/Intent#ACTION_PROCESS_TEXT.
26
27         In particular, this is used by the Flutter engine in io.flutter.plugin.text.ProcessTextPlugin.
28    -->
29    <queries>
29-->src\main\AndroidManifest.xml:36:5-41:15
30        <intent>
30-->src\main\AndroidManifest.xml:37:9-40:18
31            <action android:name="android.intent.action.PROCESS_TEXT" />
31-->src\main\AndroidManifest.xml:38:13-72
31-->src\main\AndroidManifest.xml:38:21-70
32
33            <data android:mimeType="text/plain" />
33-->src\main\AndroidManifest.xml:39:13-50
33-->src\main\AndroidManifest.xml:39:19-48
34        </intent>
35    </queries>
36
37    <permission
37-->[androidx.core:core:1.13.1] AndroidManifest.xml:22:5-24:47
38        android:name="io.flutter.examples.hello_world.DYNAMIC_RECEIVER_NOT_EXPORTED_PERMISSION"
38-->[androidx.core:core:1.13.1] AndroidManifest.xml:23:9-81
39        android:protectionLevel="signature" />
39-->[androidx.core:core:1.13.1] AndroidManifest.xml:24:9-44
40
41    <uses-permission android:name="io.flutter.examples.hello_world.DYNAMIC_RECEIVER_NOT_EXPORTED_PERMISSION" />
41-->[androidx.core:core:1.13.1] AndroidManifest.xml:26:5-97
41-->[androidx.core:core:1.13.1] AndroidManifest.xml:26:22-94
42
43    <application
43-->src\main\AndroidManifest.xml:13:5-30:19
44        android:appComponentFactory="androidx.core.app.CoreComponentFactory"
44-->[androidx.core:core:1.13.1] AndroidManifest.xml:28:18-86
45        android:debuggable="true"
46        android:extractNativeLibs="true"
47        android:icon="@mipmap/ic_launcher"
47-->src\main\AndroidManifest.xml:13:46-80
48        android:label="hello_world" >
48-->src\main\AndroidManifest.xml:13:18-45
49        <activity
49-->src\main\AndroidManifest.xml:14:9-24:20
50            android:name="io.flutter.embedding.android.FlutterActivity"
50-->src\main\AndroidManifest.xml:14:19-78
51            android:configChanges="orientation|keyboardHidden|keyboard|screenSize|locale|layoutDirection|fontScale|screenLayout|density|uiMode"
51-->src\main\AndroidManifest.xml:17:19-150
52            android:exported="true"
52-->src\main\AndroidManifest.xml:15:19-42
53            android:hardwareAccelerated="true"
53-->src\main\AndroidManifest.xml:18:19-53
54            android:theme="@android:style/Theme.Black.NoTitleBar"
54-->src\main\AndroidManifest.xml:16:19-72
55            android:windowSoftInputMode="adjustResize" >
55-->src\main\AndroidManifest.xml:19:19-61
56            <intent-filter>
56-->src\main\AndroidManifest.xml:20:13-23:29
57                <action android:name="android.intent.action.MAIN" />
57-->src\main\AndroidManifest.xml:21:17-68
57-->src\main\AndroidManifest.xml:21:25-66
58
59                <category android:name="android.intent.category.LAUNCHER" />
59-->src\main\AndroidManifest.xml:22:17-76
59-->src\main\AndroidManifest.xml:22:27-74
60            </intent-filter>
61        </activity>
62        <!--
63         Don't delete the meta-data below.
64         This is used by the Flutter tool to generate GeneratedPluginRegistrant.java
65        -->
66        <meta-data
66-->src\main\AndroidManifest.xml:27:9-29:33
67            android:name="flutterEmbedding"
67-->src\main\AndroidManifest.xml:28:13-44
68            android:value="2" />
68-->src\main\AndroidManifest.xml:29:13-30
69
70        <uses-library
70-->[androidx.window:window:1.2.0] AndroidManifest.xml:23:9-25:40
71            android:name="androidx.window.extensions"
71-->[androidx.window:window:1.2.0] AndroidManifest.xml:24:13-54
72            android:required="false" />
72-->[androidx.window:window:1.2.0] AndroidManifest.xml:25:13-37
73        <uses-library
73-->[androidx.window:window:1.2.0] AndroidManifest.xml:26:9-28:40
74            android:name="androidx.window.sidecar"
74-->[androidx.window:window:1.2.0] AndroidManifest.xml:27:13-51
75            android:required="false" />
75-->[androidx.window:window:1.2.0] AndroidManifest.xml:28:13-37
76
77        <provider
77-->[androidx.lifecycle:lifecycle-process:2.7.0] AndroidManifest.xml:24:9-32:20
78            android:name="androidx.startup.InitializationProvider"
78-->[androidx.lifecycle:lifecycle-process:2.7.0] AndroidManifest.xml:25:13-67
79            android:authorities="io.flutter.examples.hello_world.androidx-startup"
79-->[androidx.lifecycle:lifecycle-process:2.7.0] AndroidManifest.xml:26:13-68
80            android:exported="false" >
80-->[androidx.lifecycle:lifecycle-process:2.7.0] AndroidManifest.xml:27:13-37
81            <meta-data
81-->[androidx.lifecycle:lifecycle-process:2.7.0] AndroidManifest.xml:29:13-31:52
82                android:name="androidx.lifecycle.ProcessLifecycleInitializer"
82-->[androidx.lifecycle:lifecycle-process:2.7.0] AndroidManifest.xml:30:17-78
83                android:value="androidx.startup" />
83-->[androidx.lifecycle:lifecycle-process:2.7.0] AndroidManifest.xml:31:17-49
84            <meta-data
84-->[androidx.profileinstaller:profileinstaller:1.3.1] AndroidManifest.xml:29:13-31:52
85                android:name="androidx.profileinstaller.ProfileInstallerInitializer"
85-->[androidx.profileinstaller:profileinstaller:1.3.1] AndroidManifest.xml:30:17-85
86                android:value="androidx.startup" />
86-->[androidx.profileinstaller:profileinstaller:1.3.1] AndroidManifest.xml:31:17-49
87        </provider>
88
89        <receiver
89-->[androidx.profileinstaller:profileinstaller:1.3.1] AndroidManifest.xml:34:9-52:20
90            android:name="androidx.profileinstaller.ProfileInstallReceiver"
90-->[androidx.profileinstaller:profileinstaller:1.3.1] AndroidManifest.xml:35:13-76
91            android:directBootAware="false"
91-->[androidx.profileinstaller:profileinstaller:1.3.1] AndroidManifest.xml:36:13-44
92            android:enabled="true"
92-->[androidx.profileinstaller:profileinstaller:1.3.1] AndroidManifest.xml:37:13-35
93            android:exported="true"
93-->[androidx.profileinstaller:profileinstaller:1.3.1] AndroidManifest.xml:38:13-36
94            android:permission="android.permission.DUMP" >
94-->[androidx.profileinstaller:profileinstaller:1.3.1] AndroidManifest.xml:39:13-57
95            <intent-filter>
95-->[androidx.profileinstaller:profileinstaller:1.3.1] AndroidManifest.xml:40:13-42:29
96                <action android:name="androidx.profileinstaller.action.INSTALL_PROFILE" />
96-->[androidx.profileinstaller:profileinstaller:1.3.1] AndroidManifest.xml:41:17-91
96-->[androidx.profileinstaller:profileinstaller:1.3.1] AndroidManifest.xml:41:25-88
97            </intent-filter>
98            <intent-filter>
98-->[androidx.profileinstaller:profileinstaller:1.3.1] AndroidManifest.xml:43:13-45:29
99                <action android:name="androidx.profileinstaller.action.SKIP_FILE" />
99-->[androidx.profileinstaller:profileinstaller:1.3.1] AndroidManifest.xml:44:17-85
99-->[androidx.profileinstaller:profileinstaller:1.3.1] AndroidManifest.xml:44:25-82
100            </intent-filter>
101            <intent-filter>
101-->[androidx.profileinstaller:profileinstaller:1.3.1] AndroidManifest.xml:46:13-48:29
102                <action android:name="androidx.profileinstaller.action.SAVE_PROFILE" />
102-->[androidx.profileinstaller:profileinstaller:1.3.1] AndroidManifest.xml:47:17-88
102-->[androidx.profileinstaller:profileinstaller:1.3.1] AndroidManifest.xml:47:25-85
103            </intent-filter>
104            <intent-filter>
104-->[androidx.profileinstaller:profileinstaller:1.3.1] AndroidManifest.xml:49:13-51:29
105                <action android:name="androidx.profileinstaller.action.BENCHMARK_OPERATION" />
105-->[androidx.profileinstaller:profileinstaller:1.3.1] AndroidManifest.xml:50:17-95
105-->[androidx.profileinstaller:profileinstaller:1.3.1] AndroidManifest.xml:50:25-92
106            </intent-filter>
107        </receiver>
108    </application>
109
110</manifest>